<?xml version="1.0" encoding="UTF-8"?>
<!-- Generated by org.testng.reporters.JUnitReportReporter -->
<testsuite hostname="LAPTOP-DP2KBOHF" failures="0" tests="1" name="tests.TC_RF_001" time="6.175" errors="0" timestamp="2025-06-16T23:01:21 IST" skipped="0">
  <testcase classname="tests.TC_RF_001" name="verifyRigisterWithmandatoryFields" time="6.175"/>
</testsuite> <!-- tests.TC_RF_001 -->
