<?xml version="1.0" encoding="UTF-8"?>
<!-- Generated by org.testng.reporters.JUnitReportReporter -->
<testsuite hostname="LAPTOP-DP2KBOHF" failures="0" tests="1" name="tests.RegisterTest" time="10.041" errors="0" timestamp="2025-06-15T04:45:49 IST" skipped="0">
  <testcase classname="tests.RegisterTest" name="verifyRigisterWithmandatoryFields" time="10.041"/>
</testsuite> <!-- tests.RegisterTest -->
